[2m10:16:13 PM[22m [36m[1m[vite][22m[39m [90m[2m(client)[22m[39m Re-optimizing dependencies because lockfile has changed

  [32m[1mVITE[22m v7.3.5[39m  [2mready in [0m[1m2348[22m[2m[0m ms[22m

  [32m➜[39m  [1mLocal[22m:   [36mhttp://127.0.0.1:[1m5175[22m/[39m
[2m10:18:20 PM[22m [36m[1m[vite][22m[39m [90m[2m(client)[22m[39m [32mhmr update [39m[2m/src/app/main.tsx[22m
[2m10:18:20 PM[22m [36m[1m[vite][22m[39m [90m[2m(client)[22m[39m [32mhmr update [39m[2m/src/app/styles/main.css[22m
[2m10:55:19 PM[22m [36m[1m[vite][22m[39m [32m.env changed, restarting server...[39m
[2m10:55:20 PM[22m [36m[1m[vite][22m[39m server restarted.
[2m10:59:36 PM[22m [36m[1m[vite][22m[39m [32m.env changed, restarting server...[39m
[2m10:59:36 PM[22m [36m[1m[vite][22m[39m server restarted.
[2m11:01:21 PM[22m [36m[1m[vite][22m[39m [32m.env changed, restarting server...[39m
[2m11:01:21 PM[22m [36m[1m[vite][22m[39m server restarted.
[2m11:21:20 PM[22m [36m[1m[vite][22m[39m [90m[2m(client)[22m[39m [32mhmr update [39m[2m/src/app/main.tsx[22m
[2m11:21:36 PM[22m [36m[1m[vite][22m[39m [90m[2m(client)[22m[39m [32mhmr update [39m[2m/src/app/main.tsx[22m
[2m11:22:02 PM[22m [36m[1m[vite][22m[39m [90m[2m(client)[22m[39m [32mhmr update [39m[2m/src/app/main.tsx[22m
[2m11:22:31 PM[22m [36m[1m[vite][22m[39m [90m[2m(client)[22m[39m [32mhmr update [39m[2m/src/app/main.tsx[22m
[2m11:23:11 PM[22m [36m[1m[vite][22m[39m [90m[2m(client)[22m[39m [32mhmr update [39m[2m/src/app/main.tsx[22m
[2m11:23:51 PM[22m [36m[1m[vite][22m[39m [90m[2m(client)[22m[39m [32mhmr update [39m[2m/src/app/main.tsx[22m
[2m11:24:52 PM[22m [36m[1m[vite][22m[39m [90m[2m(client)[22m[39m [32mhmr update [39m[2m/src/app/styles/main.css[22m
[2m11:31:16 PM[22m [36m[1m[vite][22m[39m [90m[2m(client)[22m[39m [32mhmr update [39m[2m/src/app/main.tsx[22m
[2m11:31:41 PM[22m [36m[1m[vite][22m[39m [90m[2m(client)[22m[39m [32mhmr update [39m[2m/src/app/styles/main.css[22m
[2m11:44:31 PM[22m [36m[1m[vite][22m[39m [90m[2m(client)[22m[39m [32mhmr update [39m[2m/src/app/main.tsx[22m
[2m11:44:32 PM[22m [36m[1m[vite][22m[39m [90m[2m(client)[22m[39m [33mhmr invalidate [39m[2m/src/app/main.tsx[22m Could not Fast Refresh ("true" export is incompatible). Learn more at https://github.com/vitejs/vite-plugin-react/tree/main/packages/plugin-react#consistent-components-exports
[2m11:44:32 PM[22m [36m[1m[vite][22m[39m [90m[2m(client)[22m[39m [32mpage reload [39m[2msrc/app/main.tsx[22m
[2m11:45:04 PM[22m [36m[1m[vite][22m[39m [90m[2m(client)[22m[39m [32mhmr update [39m[2m/src/app/main.tsx[22m
[2m11:45:05 PM[22m [36m[1m[vite][22m[39m [90m[2m(client)[22m[39m [33mhmr invalidate [39m[2m/src/app/main.tsx[22m Could not Fast Refresh ("true" export is incompatible). Learn more at https://github.com/vitejs/vite-plugin-react/tree/main/packages/plugin-react#consistent-components-exports
[2m11:45:05 PM[22m [36m[1m[vite][22m[39m [90m[2m(client)[22m[39m [32mpage reload [39m[2msrc/app/main.tsx[22m
[2m11:45:29 PM[22m [36m[1m[vite][22m[39m [90m[2m(client)[22m[39m [32mhmr update [39m[2m/src/app/main.tsx[22m
[2m11:45:33 PM[22m [36m[1m[vite][22m[39m [90m[2m(client)[22m[39m [33mhmr invalidate [39m[2m/src/app/main.tsx[22m Could not Fast Refresh ("true" export is incompatible). Learn more at https://github.com/vitejs/vite-plugin-react/tree/main/packages/plugin-react#consistent-components-exports
[2m11:45:33 PM[22m [36m[1m[vite][22m[39m [90m[2m(client)[22m[39m [32mpage reload [39m[2msrc/app/main.tsx[22m
[2m11:46:04 PM[22m [36m[1m[vite][22m[39m [90m[2m(client)[22m[39m [32mhmr update [39m[2m/src/app/main.tsx[22m
[2m11:46:05 PM[22m [36m[1m[vite][22m[39m [90m[2m(client)[22m[39m [33mhmr invalidate [39m[2m/src/app/main.tsx[22m Could not Fast Refresh ("true" export is incompatible). Learn more at https://github.com/vitejs/vite-plugin-react/tree/main/packages/plugin-react#consistent-components-exports
[2m11:46:05 PM[22m [36m[1m[vite][22m[39m [90m[2m(client)[22m[39m [32mpage reload [39m[2msrc/app/main.tsx[22m
